<?xml version="1.0" encoding="UTF-8"?>
<testsuite xmlns:xsi="http://www.w3.org/2001/XMLSchema-instance" xsi:noNamespaceSchemaLocation="https://maven.apache.org/surefire/maven-surefire-plugin/xsd/surefire-test-report.xsd" name="dev.cisnux.maven.AppTest" time="0.016" tests="1" errors="0" skipped="0" failures="0">
  <properties>
    <property name="java.specification.version" value="21"/>
    <property name="sun.jnu.encoding" value="UTF-8"/>
    <property name="java.class.path" value="/Volumes/ApplicationDevelopments/Java Programming/study-cases/maven-java/maven-java-app/target/test-classes:/Volumes/ApplicationDevelopments/Java Programming/study-cases/maven-java/maven-java-app/target/classes:/Volumes/ApplicationDevelopments/Java Programming/study-cases/maven-java/maven-java-data/target/maven-java-data-1.0-SNAPSHOT.jar:/Users/fajrarisqulla/.m2/repository/com/google/code/gson/gson/2.10.1/gson-2.10.1.jar:/Users/fajrarisqulla/.m2/repository/junit/junit/4.13.2/junit-4.13.2.jar:/Users/fajrarisqulla/.m2/repository/org/hamcrest/hamcrest-core/1.3/hamcrest-core-1.3.jar:"/>
    <property name="java.vm.vendor" value="Amazon.com Inc."/>
    <property name="sun.arch.data.model" value="64"/>
    <property name="java.vendor.url" value="https://aws.amazon.com/corretto/"/>
    <property name="os.name" value="Mac OS X"/>
    <property name="java.vm.specification.version" value="21"/>
    <property name="sun.java.launcher" value="SUN_STANDARD"/>
    <property name="user.country" value="ID"/>
    <property name="sun.boot.library.path" value="/Users/fajrarisqulla/.sdkman/candidates/java/21.0.1-amzn/lib"/>
    <property name="sun.java.command" value="/Volumes/ApplicationDevelopments/Java Programming/study-cases/maven-java/maven-java-app/target/surefire/surefirebooter3922369902396386524.jar /Volumes/ApplicationDevelopments/Java Programming/study-cases/maven-java/maven-java-app/target/surefire 2024-02-27T13-37-22_770-jvmRun1 surefire7321510763105218966tmp surefire_01326499806508418432tmp"/>
    <property name="http.nonProxyHosts" value="local|*.local|169.254/16|*.169.254/16"/>
    <property name="jdk.debug" value="release"/>
    <property name="surefire.test.class.path" value="/Volumes/ApplicationDevelopments/Java Programming/study-cases/maven-java/maven-java-app/target/test-classes:/Volumes/ApplicationDevelopments/Java Programming/study-cases/maven-java/maven-java-app/target/classes:/Volumes/ApplicationDevelopments/Java Programming/study-cases/maven-java/maven-java-data/target/maven-java-data-1.0-SNAPSHOT.jar:/Users/fajrarisqulla/.m2/repository/com/google/code/gson/gson/2.10.1/gson-2.10.1.jar:/Users/fajrarisqulla/.m2/repository/junit/junit/4.13.2/junit-4.13.2.jar:/Users/fajrarisqulla/.m2/repository/org/hamcrest/hamcrest-core/1.3/hamcrest-core-1.3.jar:"/>
    <property name="sun.cpu.endian" value="little"/>
    <property name="user.home" value="/Users/fajrarisqulla"/>
    <property name="user.language" value="en"/>
    <property name="java.specification.vendor" value="Oracle Corporation"/>
    <property name="java.version.date" value="2023-10-17"/>
    <property name="java.home" value="/Users/fajrarisqulla/.sdkman/candidates/java/21.0.1-amzn"/>
    <property name="file.separator" value="/"/>
    <property name="basedir" value="/Volumes/ApplicationDevelopments/Java Programming/study-cases/maven-java/maven-java-app"/>
    <property name="java.vm.compressedOopsMode" value="Zero based"/>
    <property name="line.separator" value="&#10;"/>
    <property name="java.vm.specification.vendor" value="Oracle Corporation"/>
    <property name="java.specification.name" value="Java Platform API Specification"/>
    <property name="apple.awt.application.name" value="ForkedBooter"/>
    <property name="surefire.real.class.path" value="/Volumes/ApplicationDevelopments/Java Programming/study-cases/maven-java/maven-java-app/target/surefire/surefirebooter3922369902396386524.jar"/>
    <property name="sun.management.compiler" value="HotSpot 64-Bit Tiered Compilers"/>
    <property name="ftp.nonProxyHosts" value="local|*.local|169.254/16|*.169.254/16"/>
    <property name="java.runtime.version" value="21.0.1+12-LTS"/>
    <property name="user.name" value="fajrarisqulla"/>
    <property name="stdout.encoding" value="UTF-8"/>
    <property name="path.separator" value=":"/>
    <property name="os.version" value="14.4"/>
    <property name="java.runtime.name" value="OpenJDK Runtime Environment"/>
    <property name="file.encoding" value="UTF-8"/>
    <property name="java.vm.name" value="OpenJDK 64-Bit Server VM"/>
    <property name="java.vendor.version" value="Corretto-21.0.1.12.1"/>
    <property name="localRepository" value="/Users/fajrarisqulla/.m2/repository"/>
    <property name="java.vendor.url.bug" value="https://github.com/corretto/corretto-21/issues/"/>
    <property name="java.io.tmpdir" value="/var/folders/vm/42vwnpv503z8k7q1j3g1w0nm0000gn/T/"/>
    <property name="java.version" value="21.0.1"/>
    <property name="user.dir" value="/Volumes/ApplicationDevelopments/Java Programming/study-cases/maven-java/maven-java-app"/>
    <property name="os.arch" value="aarch64"/>
    <property name="java.vm.specification.name" value="Java Virtual Machine Specification"/>
    <property name="native.encoding" value="UTF-8"/>
    <property name="java.library.path" value="/Users/fajrarisqulla/Library/Java/Extensions:/Library/Java/Extensions:/Network/Library/Java/Extensions:/System/Library/Java/Extensions:/usr/lib/java:."/>
    <property name="java.vm.info" value="mixed mode, sharing"/>
    <property name="stderr.encoding" value="UTF-8"/>
    <property name="java.vendor" value="Amazon.com Inc."/>
    <property name="java.vm.version" value="21.0.1+12-LTS"/>
    <property name="sun.io.unicode.encoding" value="UnicodeBig"/>
    <property name="socksNonProxyHosts" value="local|*.local|169.254/16|*.169.254/16"/>
    <property name="java.class.version" value="65.0"/>
  </properties>
  <testcase name="shouldAnswerWithTrue" classname="dev.cisnux.maven.AppTest" time="0.002"/>
</testsuite>